<?xml version="1.0" encoding="UTF-8"?>
<testng-results ignored="0" total="1" passed="1" failed="0" skipped="0">
  <reporter-output>
  </reporter-output>
  <suite started-at="2021-02-12T14:58:31 IST" name="firstSuite" finished-at="2021-02-12T14:58:33 IST" duration-ms="1482">
    <groups>
    </groups>
    <test started-at="2021-02-12T14:58:31 IST" name="Test" finished-at="2021-02-12T14:58:33 IST" duration-ms="1482">
      <class name="driverClass.driver">
        <test-method signature="initiate_driver()[pri:0, instance:driverClass.driver@3901d134]" started-at="2021-02-12T14:58:31 IST" name="initiate_driver" finished-at="2021-02-12T14:58:33 IST" duration-ms="1457" status="PASS">
          <reporter-output>
          </reporter-output>
        </test-method> <!-- initiate_driver -->
      </class> <!-- driverClass.driver -->
    </test> <!-- Test -->
  </suite> <!-- firstSuite -->
</testng-results>
